<?xml version="1.0" encoding="UTF-8"?>
<!-- Generated by org.testng.reporters.JUnitReportReporter -->
<testsuite hostname="LAPTOP-Q21C21C1" failures="0" tests="1" name="ExtentReports.extentReportsEx" time="8.740" errors="0" timestamp="2024-02-29T18:10:27 IST" skipped="0">
  <testcase classname="ExtentReports.extentReportsEx" name="m1" time="8.740"/>
  <system-out/>
</testsuite> <!-- ExtentReports.extentReportsEx -->
