<?xml version="1.0" encoding="UTF-8"?>
<!-- Generated by org.testng.reporters.JUnitReportReporter -->
<testsuite hostname="LAPTOP-Q21C21C1" failures="0" tests="1" name="TestNg.TestNGAssign" time="6.719" errors="0" timestamp="2024-03-04T13:01:04 IST" skipped="0">
  <testcase classname="TestNg.TestNGAssign" name="login" time="6.719"/>
  <system-out/>
</testsuite> <!-- TestNg.TestNGAssign -->
