<?xml version="1.0" encoding="UTF-8"?>
<!-- Generated by org.testng.reporters.JUnitReportReporter -->
<testsuite hostname="LAPTOP-Q21C21C1" failures="0" tests="1" name="TestNg.NewTest" time="0.008" errors="0" timestamp="2024-02-26T16:22:41 IST" skipped="0">
  <testcase classname="TestNg.NewTest" name="f" time="0.008"/>
  <system-out/>
</testsuite> <!-- TestNg.NewTest -->
