<?xml version="1.0" encoding="UTF-8"?>
<!-- Generated by org.testng.reporters.JUnitReportReporter -->
<testsuite hostname="LAPTOP-Q21C21C1" failures="0" tests="3" name="TestNg.TestNGdataProvider" time="0.017" errors="0" timestamp="2024-02-26T23:15:15 IST" skipped="0">
  <testcase classname="TestNg.TestNGdataProvider" name="login" time="0.001"/>
  <system-out/>
  <testcase classname="TestNg.TestNGdataProvider" name="login" time="0.014"/>
  <system-out/>
  <testcase classname="TestNg.TestNGdataProvider" name="login" time="0.002"/>
  <system-out/>
</testsuite> <!-- TestNg.TestNGdataProvider -->
