<?xml version="1.0" encoding="UTF-8"?>
<!-- Generated by org.testng.reporters.JUnitReportReporter -->
<testsuite hostname="LAPTOP-Q21C21C1" failures="0" tests="3" name="TestNg.TestNG3" time="0.011" errors="0" timestamp="2024-03-28T22:00:52 IST" skipped="0">
  <testcase classname="TestNg.TestNG3" name="checkOut" time="0.009"/>
  <system-out/>
  <testcase classname="TestNg.TestNG3" name="Login" time="0.001"/>
  <system-out/>
  <testcase classname="TestNg.TestNG3" name="Registration" time="0.001"/>
  <system-out/>
</testsuite> <!-- TestNg.TestNG3 -->
