<?xml version="1.0" encoding="UTF-8"?>
<!-- Generated by org.testng.reporters.JUnitReportReporter -->
<testsuite hostname="LAPTOP-Q21C21C1" failures="0" tests="6" name="TestNg.TestNGGroups5" time="0.016" errors="0" timestamp="2024-03-06T08:17:27 IST" skipped="0">
  <testcase classname="TestNg.TestNGGroups5" name="checkOut" time="0.000"/>
  <system-out/>
  <testcase classname="TestNg.TestNGGroups5" name="Login" time="0.008"/>
  <system-out/>
  <testcase classname="TestNg.TestNGGroups5" name="Home" time="0.000"/>
  <system-out/>
  <testcase classname="TestNg.TestNGGroups5" name="Registration" time="0.000"/>
  <system-out/>
  <testcase classname="TestNg.TestNGGroups5" name="Payout" time="0.005"/>
  <system-out/>
  <testcase classname="TestNg.TestNGGroups5" name="SendMoney" time="0.003"/>
  <system-out/>
</testsuite> <!-- TestNg.TestNGGroups5 -->
