<?xml version="1.0" encoding="UTF-8"?>
<!-- Generated by org.testng.reporters.JUnitReportReporter -->
<testsuite hostname="LAPTOP-Q21C21C1" failures="0" tests="1" name="TestNg.TestNGEx1" time="7.916" errors="0" timestamp="2024-02-26T23:32:34 IST" skipped="0">
  <testcase classname="TestNg.TestNGEx1" name="Script" time="7.916"/>
  <system-out/>
</testsuite> <!-- TestNg.TestNGEx1 -->
