<?xml version="1.0" encoding="UTF-8"?>
<!-- Generated by org.testng.reporters.JUnitReportReporter -->
<testsuite hostname="LAPTOP-Q21C21C1" failures="0" tests="5" name="TestNg.TestNGEx3" time="0.019" errors="0" timestamp="2024-02-26T16:43:25 IST" skipped="0">
  <testcase classname="TestNg.TestNGEx3" name="m2" time="0.002"/>
  <system-out/>
  <testcase classname="TestNg.TestNGEx3" name="m2" time="0.001"/>
  <system-out/>
  <testcase classname="TestNg.TestNGEx3" name="m2" time="0.013"/>
  <system-out/>
  <testcase classname="TestNg.TestNGEx3" name="m2" time="0.002"/>
  <system-out/>
  <testcase classname="TestNg.TestNGEx3" name="m2" time="0.001"/>
  <system-out/>
</testsuite> <!-- TestNg.TestNGEx3 -->
